<?xml version="1.0" encoding="UTF-8"?>
<testsuite xmlns:xsi="http://www.w3.org/2001/XMLSchema-instance" xsi:noNamespaceSchemaLocation="https://maven.apache.org/surefire/maven-surefire-plugin/xsd/surefire-test-report.xsd" version="3.0.2" name="com.eureka.server.ServerApplicationTests" time="7.692" tests="1" errors="0" skipped="0" failures="0">
  <properties>
[...]
</properties>
  <testcase name="contextLoads" classname="com.eureka.server.ServerApplicationTests" time="0.972">
    <system-out><![CDATA[12:23:19.653 [main] INFO org.springframework.test.context.support.AnnotationConfigContextLoaderUtils -- Could not detect default configuration classes for test class [com.eureka.server.ServerApplicationTests]: ServerApplicationTests does not declare any static, non-private, non-final, nested classes annotated with @Configuration.
12:23:19.873 [main] INFO org.springframework.boot.test.context.SpringBootTestContextBootstrapper -- Found @SpringBootConfiguration com.eureka.server.ServerApplication for test class com.eureka.server.ServerApplicationTests

  .   ____          _            __ _ _
 /\\ / ___'_ __ _ _(_)_ __  __ _ \ \ \ \
( ( )\___ | '_ | '_| | '_ \/ _` | \ \ \ \
 \\/  ___)| |_)| | | | | || (_| |  ) ) ) )
  '  |____| .__|_| |_|_| |_\__, | / / / /
 =========|_|==============|___/=/_/_/_/

 :: Spring Boot ::                (v4.0.3)

2026-03-08T12:23:20.961-05:00  INFO 14984 --- [discovery-server] [           main] c.eureka.server.ServerApplicationTests   : Starting ServerApplicationTests using Java 21.0.10 with PID 14984 (started by guilo in C:\Users\guilo\Desktop\ApiFast\server\server)
2026-03-08T12:23:20.964-05:00  INFO 14984 --- [discovery-server] [           main] c.eureka.server.ServerApplicationTests   : No active profile set, falling back to 1 default profile: "default"
2026-03-08T12:23:22.774-05:00  INFO 14984 --- [discovery-server] [           main] o.s.cloud.context.scope.GenericScope     : BeanFactory id=d97d2ed9-b2c1-33f2-9434-d83bb7b291a5
2026-03-08T12:23:23.454-05:00  INFO 14984 --- [discovery-server] [           main] o.s.v.b.OptionalValidatorFactoryBean     : Failed to set up a Bean Validation provider: jakarta.validation.NoProviderFoundException: Unable to create a Configuration, because no Jakarta Validation provider could be found. Add a provider like Hibernate Validator (RI) to your classpath.
2026-03-08T12:23:25.034-05:00  WARN 14984 --- [discovery-server] [           main] iguration$LoadBalancerCaffeineWarnLogger : Spring Cloud LoadBalancer is currently working with the default cache. While this cache implementation is useful for development and tests, it's recommended to use Caffeine cache in production.You can switch to using Caffeine cache, by adding it and org.springframework.cache.caffeine.CaffeineCacheManager to the classpath.
2026-03-08T12:23:25.315-05:00  INFO 14984 --- [discovery-server] [           main] o.s.c.n.eureka.InstanceInfoFactory       : Setting initial instance status as: STARTING
2026-03-08T12:23:25.355-05:00  INFO 14984 --- [discovery-server] [           main] com.netflix.discovery.DiscoveryClient    : Initializing Eureka in region us-east-1
2026-03-08T12:23:25.356-05:00  INFO 14984 --- [discovery-server] [           main] com.netflix.discovery.DiscoveryClient    : Client configured to neither register nor query for data.
2026-03-08T12:23:25.359-05:00  INFO 14984 --- [discovery-server] [           main] com.netflix.discovery.DiscoveryClient    : Discovery Client initialized at timestamp 1772990605358 with initial instances count: 0
2026-03-08T12:23:25.459-05:00  INFO 14984 --- [discovery-server] [           main] c.n.eureka.DefaultEurekaServerContext    : Initializing ...
2026-03-08T12:23:25.462-05:00  WARN 14984 --- [discovery-server] [           main] c.n.eureka.cluster.PeerEurekaNodes       : The replica size seems to be empty. Check the route 53 DNS Registry
2026-03-08T12:23:25.487-05:00  INFO 14984 --- [discovery-server] [           main] c.n.e.registry.AbstractInstanceRegistry  : Finished initializing remote region registries. All known remote regions: []
2026-03-08T12:23:25.487-05:00  INFO 14984 --- [discovery-server] [           main] c.n.eureka.DefaultEurekaServerContext    : Initialized
2026-03-08T12:23:25.730-05:00  INFO 14984 --- [discovery-server] [           main] o.s.b.a.e.web.EndpointLinksResolver      : Exposing 2 endpoints beneath base path '/actuator'
2026-03-08T12:23:25.823-05:00  INFO 14984 --- [discovery-server] [           main] o.s.c.n.e.s.EurekaServiceRegistry        : Registering application DISCOVERY-SERVER with eureka with status UP
2026-03-08T12:23:25.842-05:00  INFO 14984 --- [discovery-server] [           main] c.eureka.server.ServerApplicationTests   : Started ServerApplicationTests in 5.46 seconds (process running for 7.675)
2026-03-08T12:23:25.853-05:00  INFO 14984 --- [discovery-server] [      Thread-10] o.s.c.n.e.server.EurekaServerBootstrap   : isAws returned false
2026-03-08T12:23:25.854-05:00  INFO 14984 --- [discovery-server] [      Thread-10] o.s.c.n.e.server.EurekaServerBootstrap   : Initialized server context
2026-03-08T12:23:25.854-05:00  INFO 14984 --- [discovery-server] [      Thread-10] c.n.e.r.PeerAwareInstanceRegistryImpl    : Got 1 instances from neighboring DS node
2026-03-08T12:23:25.855-05:00  INFO 14984 --- [discovery-server] [      Thread-10] c.n.e.r.PeerAwareInstanceRegistryImpl    : Renew threshold is: 1
2026-03-08T12:23:25.855-05:00  INFO 14984 --- [discovery-server] [      Thread-10] c.n.e.r.PeerAwareInstanceRegistryImpl    : Changing status to UP
2026-03-08T12:23:25.859-05:00  INFO 14984 --- [discovery-server] [      Thread-10] e.s.EurekaServerInitializerConfiguration : Started Eureka Server
]]></system-out>
    <system-err><![CDATA[Mockito is currently self-attaching to enable the inline-mock-maker. This will no longer work in future releases of the JDK. Please add Mockito as an agent to your build as described in Mockito's documentation: https://javadoc.io/doc/org.mockito/mockito-core/latest/org.mockito/org/mockito/Mockito.html#0.3
WARNING: A Java agent has been loaded dynamically (C:\Users\guilo\.m2\repository\net\bytebuddy\byte-buddy-agent\1.17.8\byte-buddy-agent-1.17.8.jar)
WARNING: If a serviceability tool is in use, please run with -XX:+EnableDynamicAgentLoading to hide this warning
WARNING: If a serviceability tool is not in use, please run with -Djdk.instrument.traceUsage for more information
WARNING: Dynamic loading of agents will be disallowed by default in a future release
]]></system-err>
  </testcase>
</testsuite>